[2016.03.06-16.43.16:987][  0]Log file open, 03/06/16 22:13:16
[2016.03.06-16.43.16:987][  0]LogInit:Display: Running engine without a game
[2016.03.06-16.43.16:987][  0]LogInit:Display: Loading recent project file: F:/Programs/Unreal 4/RTS_Tutorial/RTS_Tutorial.uproject
[2016.03.06-16.43.16:987][  0]LogInit:Display: RandInit(271056221) SRandInit(271056224).
[2016.03.06-16.43.16:987][  0]LogTaskGraph: Started task graph with 4 named threads and 5 total threads.
[2016.03.06-16.43.16:987][  0]LogStats: Stats thread started at 5.979285
[2016.03.06-16.43.16:987][  0]LogInit: Version: 4.9.1-2689999+++depot+UE4-Releases+4.9
[2016.03.06-16.43.16:987][  0]LogInit: API Version: 2672455
[2016.03.06-16.43.16:987][  0]LogInit: Compiled (64-bit): Sep 14 2015 04:12:03
[2016.03.06-16.43.16:987][  0]LogInit: Compiled with Visual C++: 18.00.21005.01
[2016.03.06-16.43.16:987][  0]LogInit: Build Configuration: Development
[2016.03.06-16.43.16:987][  0]LogInit: Branch Name: ++depot+UE4-Releases+4.9
[2016.03.06-16.43.16:987][  0]LogInit: Command line: 
[2016.03.06-16.43.16:987][  0]LogInit: Base directory: C:/Program Files/Epic Games/4.9/Engine/Binaries/Win64/
[2016.03.06-16.43.16:987][  0]LogInit: Rocket: 1
[2016.03.06-16.43.17:487][  0]LogInit: Using libcurl 7.41.0
[2016.03.06-16.43.17:487][  0]LogInit:  - built for x86_64-pc-win32
[2016.03.06-16.43.17:487][  0]LogInit:  - supports SSL with WinSSL
[2016.03.06-16.43.17:487][  0]LogInit:  - other features:
[2016.03.06-16.43.17:487][  0]LogInit:      CURL_VERSION_SSL
[2016.03.06-16.43.17:487][  0]LogInit:      CURL_VERSION_IPV6
[2016.03.06-16.43.17:487][  0]LogInit:      CURL_VERSION_ASYNCHDNS
[2016.03.06-16.43.17:487][  0]LogInit:      CURL_VERSION_LARGEFILE
[2016.03.06-16.43.17:487][  0]LogInit:      CURL_VERSION_IDN
[2016.03.06-16.43.17:534][  0]LogInit:  CurlRequestOptions (configurable via config and command line):
[2016.03.06-16.43.17:534][  0]LogInit:  - bVerifyPeer = true  - Libcurl will verify peer certificate
[2016.03.06-16.43.17:534][  0]LogInit:  - bUseHttpProxy = false  - Libcurl will NOT use HTTP proxy
[2016.03.06-16.43.17:534][  0]LogInit:  - bDontReuseConnections = false  - Libcurl will reuse connections
[2016.03.06-16.43.17:534][  0]LogInit:  - CertBundlePath = nullptr  - Libcurl will use whatever was configured at build time.
[2016.03.06-16.43.17:768][  0]LogInit: Presizing for 0 objects not considered by GC, pre-allocating 0 bytes.
[2016.03.06-16.43.18:002][  0]LogInit: Object subsystem initialized
[2016.03.06-16.43.18:190][  0]LogInit: Selected Device Profile: [Windows]
[2016.03.06-16.43.18:190][  0]LogInit: Applying CVar settings loaded from the selected device profile: [Windows]
[2016.03.06-16.43.18:320][  0]LogInit: Computer: DESKTOP-3CVCKVK
[2016.03.06-16.43.18:320][  0]LogInit: User: DineshIyer
[2016.03.06-16.43.18:320][  0]LogInit: CPU Page size=4096, Cores=2
[2016.03.06-16.43.18:332][  0]LogInit: High frequency timer resolution =1.656322 MHz
[2016.03.06-16.43.18:333][  0]LogMemory: Memory total: Physical=3.9GB (4GB approx)
[2016.03.06-16.43.18:334][  0]LogMemory: Platform Memory Stats for Windows
[2016.03.06-16.43.18:334][  0]LogMemory: Process Physical Memory: 54.47 MB used, 54.47 MB peak
[2016.03.06-16.43.18:334][  0]LogMemory: Process Virtual Memory: 57.29 MB used, 57.29 MB peak
[2016.03.06-16.43.18:334][  0]LogMemory: Physical Memory: 2280.35 MB used, 4000.19 MB total
[2016.03.06-16.43.18:334][  0]LogMemory: Virtual Memory: 351.70 MB used, 134217728.00 MB total
[2016.03.06-16.43.19:720][  0]LogTextLocalizationManager: No specific translations for ('en-IN') exist, so ('en') translations will be used.
[2016.03.06-16.43.23:253][  0]LogD3D11RHI: Found D3D11 adapter 0: Intel(R) HD Graphics (Feature Level 11_0)
[2016.03.06-16.43.23:254][  0]LogD3D11RHI: Adapter has 112MB of dedicated video memory, 0MB of dedicated system memory, and 2000MB of shared system memory, 1 output[s]
[2016.03.06-16.43.23:421][  0]LogD3D11RHI: Found D3D11 adapter 1: Microsoft Basic Render Driver (Feature Level 11_0)
[2016.03.06-16.43.23:421][  0]LogD3D11RHI: Adapter has 0MB of dedicated video memory, 0MB of dedicated system memory, and 2000MB of shared system memory, 0 output[s]
[2016.03.06-16.43.23:421][  0]LogD3D11RHI: Chosen D3D11 Adapter Id = 0
[2016.03.06-16.43.23:453][  0]LogD3D11RHI: !Direct3DDevice
[2016.03.06-16.43.23:453][  0]LogRHI: Texture pool is 778 MB (70% of 1112 MB)
[2016.03.06-16.43.23:483][  0]LogD3D11RHI: Async texture creation enabled
[2016.03.06-16.43.24:512][  0]LogShaderCompilers: Guid format shader working directory is 15 characters bigger than the processId version (F:/Programs/Unreal 4/RTS_Tutorial/Intermediate/Shaders/WorkingDirectory/3336/).
[2016.03.06-16.43.24:512][  0]LogShaderCompilers: Cleaned the shader compiler working directory 'F:/Programs/Unreal 4/RTS_Tutorial/Intermediate/Shaders/tmp/64F558EB40B7EE0787656CAC22EB6A14/'.
[2016.03.06-16.43.24:538][  0]LogShaderCompilers:Display: Using Local Shader Compiler.
[2016.03.06-16.43.38:683][  0]LogTemp:Display: Loaded TP AllDesktopTargetPlatform
[2016.03.06-16.43.38:742][  0]LogTemp:Display: Loaded TP WindowsClientTargetPlatform
[2016.03.06-16.43.38:846][  0]LogTemp:Display: Loaded TP WindowsNoEditorTargetPlatform
[2016.03.06-16.43.38:925][  0]LogTemp:Display: Loaded TP WindowsServerTargetPlatform
[2016.03.06-16.43.39:034][  0]LogTemp:Display: Loaded TP WindowsTargetPlatform
[2016.03.06-16.43.39:096][  0]LogTemp:Display: Loaded TP AndroidTargetPlatform
[2016.03.06-16.43.39:152][  0]LogTemp:Display: Loaded TP Android_ASTCTargetPlatform
[2016.03.06-16.43.39:180][  0]LogTemp:Display: Loaded TP Android_ATCTargetPlatform
[2016.03.06-16.43.39:217][  0]LogTemp:Display: Loaded TP Android_DXTTargetPlatform
[2016.03.06-16.43.39:238][  0]LogTemp:Display: Loaded TP Android_ETC1TargetPlatform
[2016.03.06-16.43.39:278][  0]LogTemp:Display: Loaded TP Android_ETC2TargetPlatform
[2016.03.06-16.43.39:313][  0]LogTemp:Display: Loaded TP Android_PVRTCTargetPlatform
[2016.03.06-16.43.39:328][  0]LogTemp:Display: Loaded TP HTML5TargetPlatform
[2016.03.06-16.43.39:458][  0]LogTemp:Display: Loaded TP IOSTargetPlatform
[2016.03.06-16.43.39:471][  0]LogTemp:Display: Loaded TP LinuxNoEditorTargetPlatform
[2016.03.06-16.43.39:610][  0]LogTemp:Display: Loaded TP LinuxServerTargetPlatform
[2016.03.06-16.43.39:641][  0]LogTemp:Display: Loaded TP LinuxTargetPlatform
[2016.03.06-16.43.39:641][  0]LogTargetPlatformManager:Display: Building Assets For Windows
[2016.03.06-16.43.41:648][  0]LogDerivedDataCache:Display: Max Cache Size: 512 MB
[2016.03.06-16.43.42:306][  0]LogDerivedDataCache: Loaded boot cache 0.64s 41MB C:/Users/Dinesh Iyer/AppData/Local/UnrealEngine/4.9/DerivedDataCache/Boot.ddc.
[2016.03.06-16.43.42:306][  0]LogDerivedDataCache:Display: Loaded Boot cache: C:/Users/Dinesh Iyer/AppData/Local/UnrealEngine/4.9/DerivedDataCache/Boot.ddc
[2016.03.06-16.43.42:306][  0]LogDerivedDataCache: FDerivedDataBackendGraph:  Pak pak cache file F:/Programs/Unreal 4/RTS_Tutorial/DerivedDataCache/DDC.ddp not found, will not use a pak cache.
[2016.03.06-16.43.42:306][  0]LogDerivedDataCache: Unable to find inner node Pak for hierarchical cache Hierarchy.
[2016.03.06-16.43.42:306][  0]LogDerivedDataCache: FDerivedDataBackendGraph:  CompressedPak pak cache file F:/Programs/Unreal 4/RTS_Tutorial/DerivedDataCache/Compressed.ddp not found, will not use a pak cache.
[2016.03.06-16.43.42:306][  0]LogDerivedDataCache: Unable to find inner node CompressedPak for hierarchical cache Hierarchy.
[2016.03.06-16.43.42:714][  0]LogDerivedDataCache:Display: Pak cache opened for reading ../../../Engine/DerivedDataCache/Compressed.ddp.
[2016.03.06-16.43.42:780][  0]LogDerivedDataCache: Using Local data cache path C:/Users/Dinesh Iyer/AppData/Local/UnrealEngine/Common/DerivedDataCache: Writable
[2016.03.06-16.43.53:543][  0]LogInit: Selected Device Profile: [Windows]
[2016.03.06-16.43.53:778][  0]LogContentStreaming: Texture pool size is 0.000000MB
[2016.03.06-16.43.56:378][  0]LogMeshUtilities: No automatic mesh reduction module available
[2016.03.06-16.43.56:378][  0]LogMeshUtilities: No automatic me