[2016.03.03-16.39.00:143][  0]Log file open, 03/03/16 22:09:00
[2016.03.03-16.39.00:143][  0]LogInit:Display: Running engine without a game
[2016.03.03-16.39.00:143][  0]LogInit:Display: Loading recent project file: F:/Programs/Unreal 4/RTS_Tutorial/RTS_Tutorial.uproject
[2016.03.03-16.39.00:143][  0]LogInit:Display: RandInit(560939820) SRandInit(560939823).
[2016.03.03-16.39.00:143][  0]LogTaskGraph: Started task graph with 4 named threads and 5 total threads.
[2016.03.03-16.39.00:143][  0]LogStats: Stats thread started at 0.589574
[2016.03.03-16.39.00:143][  0]LogInit: Version: 4.9.1-2689999+++depot+UE4-Releases+4.9
[2016.03.03-16.39.00:143][  0]LogInit: API Version: 2672455
[2016.03.03-16.39.00:143][  0]LogInit: Compiled (64-bit): Sep 14 2015 04:12:03
[2016.03.03-16.39.00:143][  0]LogInit: Compiled with Visual C++: 18.00.21005.01
[2016.03.03-16.39.00:143][  0]LogInit: Build Configuration: Development
[2016.03.03-16.39.00:143][  0]LogInit: Branch Name: ++depot+UE4-Releases+4.9
[2016.03.03-16.39.00:143][  0]LogInit: Command line: 
[2016.03.03-16.39.00:143][  0]LogInit: Base directory: C:/Program Files/Epic Games/4.9/Engine/Binaries/Win64/
[2016.03.03-16.39.00:143][  0]LogInit: Rocket: 1
[2016.03.03-16.39.00:184][  0]LogInit: Using libcurl 7.41.0
[2016.03.03-16.39.00:184][  0]LogInit:  - built for x86_64-pc-win32
[2016.03.03-16.39.00:184][  0]LogInit:  - supports SSL with WinSSL
[2016.03.03-16.39.00:184][  0]LogInit:  - other features:
[2016.03.03-16.39.00:184][  0]LogInit:      CURL_VERSION_SSL
[2016.03.03-16.39.00:184][  0]LogInit:      CURL_VERSION_IPV6
[2016.03.03-16.39.00:184][  0]LogInit:      CURL_VERSION_ASYNCHDNS
[2016.03.03-16.39.00:184][  0]LogInit:      CURL_VERSION_LARGEFILE
[2016.03.03-16.39.00:184][  0]LogInit:      CURL_VERSION_IDN
[2016.03.03-16.39.00:184][  0]LogInit:  CurlRequestOptions (configurable via config and command line):
[2016.03.03-16.39.00:184][  0]LogInit:  - bVerifyPeer = true  - Libcurl will verify peer certificate
[2016.03.03-16.39.00:184][  0]LogInit:  - bUseHttpProxy = false  - Libcurl will NOT use HTTP proxy
[2016.03.03-16.39.00:184][  0]LogInit:  - bDontReuseConnections = false  - Libcurl will reuse connections
[2016.03.03-16.39.00:184][  0]LogInit:  - CertBundlePath = nullptr  - Libcurl will use whatever was configured at build time.
[2016.03.03-16.39.00:262][  0]LogInit: Presizing for 0 objects not considered by GC, pre-allocating 0 bytes.
[2016.03.03-16.39.00:291][  0]LogInit: Object subsystem initialized
[2016.03.03-16.39.00:294][  0]LogInit: Selected Device Profile: [Windows]
[2016.03.03-16.39.00:294][  0]LogInit: Applying CVar settings loaded from the selected device profile: [Windows]
[2016.03.03-16.39.00:367][  0]LogInit: Computer: DESKTOP-3CVCKVK
[2016.03.03-16.39.00:367][  0]LogInit: User: DineshIyer
[2016.03.03-16.39.00:367][  0]LogInit: CPU Page size=4096, Cores=2
[2016.03.03-16.39.00:367][  0]LogInit: High frequency timer resolution =1.656322 MHz
[2016.03.03-16.39.00:367][  0]LogMemory: Memory total: Physical=3.9GB (4GB approx)
[2016.03.03-16.39.00:367][  0]LogMemory: Platform Memory Stats for Windows
[2016.03.03-16.39.00:367][  0]LogMemory: Process Physical Memory: 54.40 MB used, 54.40 MB peak
[2016.03.03-16.39.00:367][  0]LogMemory: Process Virtual Memory: 55.26 MB used, 55.26 MB peak
[2016.03.03-16.39.00:367][  0]LogMemory: Physical Memory: 2262.15 MB used, 4000.19 MB total
[2016.03.03-16.39.00:367][  0]LogMemory: Virtual Memory: 349.77 MB used, 134217728.00 MB total
[2016.03.03-16.39.00:736][  0]LogTextLocalizationManager: No specific translations for ('en-IN') exist, so ('en') translations will be used.
[2016.03.03-16.39.02:220][  0]LogD3D11RHI: Found D3D11 adapter 0: Intel(R) HD Graphics (Feature Level 11_0)
[2016.03.03-16.39.02:220][  0]LogD3D11RHI: Adapter has 112MB of dedicated video memory, 0MB of dedicated system memory, and 2000MB of shared system memory, 1 output[s]
[2016.03.03-16.39.02:222][  0]LogD3D11RHI: Found D3D11 adapter 1: Microsoft Basic Render Driver (Feature Level 11_0)
[2016.03.03-16.39.02:222][  0]LogD3D11RHI: Adapter has 0MB of dedicated video memory, 0MB of dedicated system memory, and 2000MB of shared system memory, 0 output[s]
[2016.03.03-16.39.02:223][  0]LogD3D11RHI: Chosen D3D11 Adapter Id = 0
[2016.03.03-16.39.02:229][  0]LogD3D11RHI: !Direct3DDevice
[2016.03.03-16.39.02:229][  0]LogRHI: Texture pool is 778 MB (70% of 1112 MB)
[2016.03.03-16.39.02:236][  0]LogD3D11RHI: Async texture creation enabled
[2016.03.03-16.39.02:356][  0]LogShaderCompilers: Guid format shader working directory is 15 characters bigger than the processId version (F:/Programs/Unreal 4/RTS_Tutorial/Intermediate/Shaders/WorkingDirectory/5500/).
[2016.03.03-16.39.02:357][  0]LogShaderCompilers: Cleaned the shader compiler working directory 'F:/Programs/Unreal 4/RTS_Tutorial/Intermediate/Shaders/tmp/0CBA54E14C25A6D325E6BC814036D4EE/'.
[2016.03.03-16.39.02:357][  0]LogShaderCompilers:Display: Using Local Shader Compiler.
[2016.03.03-16.39.07:800][  0]LogTemp:Display: Loaded TP AllDesktopTargetPlatform
[2016.03.03-16.39.07:838][  0]LogTemp:Display: Loaded TP WindowsClientTargetPlatform
[2016.03.03-16.39.07:895][  0]LogTemp:Display: Loaded TP WindowsNoEditorTargetPlatform
[2016.03.03-16.39.07:924][  0]LogTemp:Display: Loaded TP WindowsServerTargetPlatform
[2016.03.03-16.39.07:971][  0]LogTemp:Display: Loaded TP WindowsTargetPlatform
[2016.03.03-16.39.08:039][  0]LogTemp:Display: Loaded TP AndroidTargetPlatform
[2016.03.03-16.39.08:074][  0]LogTemp:Display: Loaded TP Android_ASTCTargetPlatform
[2016.03.03-16.39.08:106][  0]LogTemp:Display: Loaded TP Android_ATCTargetPlatform
[2016.03.03-16.39.08:131][  0]LogTemp:Display: Loaded TP Android_DXTTargetPlatform
[2016.03.03-16.39.08:159][  0]LogTemp:Display: Loaded TP Android_ETC1TargetPlatform
[2016.03.03-16.39.08:187][  0]LogTemp:Display: Loaded TP Android_ETC2TargetPlatform
[2016.03.03-16.39.08:212][  0]LogTemp:Display: Loaded TP Android_PVRTCTargetPlatform
[2016.03.03-16.39.08:232][  0]LogTemp:Display: Loaded TP HTML5TargetPlatform
[2016.03.03-16.39.08:352][  0]LogTemp:Display: Loaded TP IOSTargetPlatform
[2016.03.03-16.39.08:369][  0]LogTemp:Display: Loaded TP LinuxNoEditorTargetPlatform
[2016.03.03-16.39.08:400][  0]LogTemp:Display: Loaded TP LinuxServerTargetPlatform
[2016.03.03-16.39.08:433][  0]LogTemp:Display: Loaded TP LinuxTargetPlatform
[2016.03.03-16.39.08:433][  0]LogTargetPlatformManager:Display: Building Assets For Windows
[2016.03.03-16.39.09:558][  0]LogDerivedDataCache:Display: Max Cache Size: 512 MB
[2016.03.03-16.39.10:152][  0]LogDerivedDataCache: Loaded boot cache 0.58s 41MB C:/Users/Dinesh Iyer/AppData/Local/UnrealEngine/4.9/DerivedDataCache/Boot.ddc.
[2016.03.03-16.39.10:152][  0]LogDerivedDataCache:Display: Loaded Boot cache: C:/Users/Dinesh Iyer/AppData/Local/UnrealEngine/4.9/DerivedDataCache/Boot.ddc
[2016.03.03-16.39.10:153][  0]LogDerivedDataCache: FDerivedDataBackendGraph:  Pak pak cache file F:/Programs/Unreal 4/RTS_Tutorial/DerivedDataCache/DDC.ddp not found, will not use a pak cache.
[2016.03.03-16.39.10:153][  0]LogDerivedDataCache: Unable to find inner node Pak for hierarchical cache Hierarchy.
[2016.03.03-16.39.10:153][  0]LogDerivedDataCache: FDerivedDataBackendGraph:  CompressedPak pak cache file F:/Programs/Unreal 4/RTS_Tutorial/DerivedDataCache/Compressed.ddp not found, will not use a pak cache.
[2016.03.03-16.39.10:153][  0]LogDerivedDataCache: Unable to find inner node CompressedPak for hierarchical cache Hierarchy.
[2016.03.03-16.39.10:521][  0]LogDerivedDataCache:Display: Pak cache opened for reading ../../../Engine/DerivedDataCache/Compressed.ddp.
[2016.03.03-16.39.10:560][  0]LogDerivedDataCache: Using Local data cache path C:/Users/Dinesh Iyer/AppData/Local/UnrealEngine/Common/DerivedDataCache: Writable
[2016.03.03-16.39.20:218][  0]LogInit: Selected Device Profile: [Windows]
[2016.03.03-16.39.20:420][  0]LogContentStreaming: Texture pool size is 0.000000MB
[2016.03.03-16.39.23:170][  0]LogMeshUtilities: No automatic mesh reduction module available
[2016.03.03-16.39.23:170][  0]LogMeshUtilities: No automatic mesh merging module available
[2016.03.03-16.39.28:847][  0]LogInit: WinSock: version 1.1 (2.2), MaxSocks=32767, MaxUdp=65467
[2016.03.03-16.40.00:156][  0]UdpMessaging: Initializing bridge on interface 0.0.0.0:0 to multicast group 230.0.0.1:6666.
[2016.03.03-16.40.01:519][  0]LogAssetRegistry: FAssetRegistry took 0.0188 seconds to start up
[2016.03.03-16.40.06:818][  0]SourceControl: Info Source control is disabled
[2016.03.03-16.40.06:845][  0]SourceControl: Info Source control is disabled
[2016.03.03-16.40.07:111][  0]SourceControl: Info Source control is disabled
[2016.03.03-16.40.07:273][  0]SourceControl: Info Source control is disabled
[2016.03.03-16.40.10:157][  0]LogLinker:Warning: Asset '../../../Engine/Plugins/Runtime/LeapMotionController/Content/LM_PassthroughMaterial.uasset' has been saved with empty engine version. The asset will be loaded but may be incompatible.
[2016.03.03-16.40.10:779][  0]LogObj: 28361 objects as part of root set at end of initial load.
[2016.03.03-16.40.10:779][  0]LogUObjectAllocator: 6038864 out of 0 bytes used by permanent object pool.
[2016.03.03-16.40.11:735][  0]LogEngine: Initializing Engine...
[2016.03.03-16.40.11:824][  0]LogHMD: Can't find Oculus library dev build: is proper Runtime installed? Version: 0.7.0.0
[2016.03.03-16.40.11:908][  0]LogHMD: SteamVR failed to initialize.  Err: 110
[2016.03.03-16.40.13:518][  0]LogAIModule: Creating AISystem for world NewWorld
[2016.03.03-16.40.13:882][  0]LogInit: XAudio2 using 'Speakers (High Definition Audio Device)' : 2 channels at 44.1 kHz using 16 bits per sample (channel mask 0x3)
[2016.03.03-16.40.14:051][  0]LogInit: FAudioDevice initialized.
[2016.03.03-16.40.14:095][  0]LogDerivedDataCache: Saved boot cache 0.04s 41MB C:/Users/Dinesh Iyer/AppData/Local/UnrealEngine/4.9/DerivedDataCache/Boot.ddc.
[2016.03.03-16.40.14:134][  0]LogInit: Texture streaming: Enabled
[2016.03.03-16.40.15:303][  0]LogAnalytics: Creating configured Analytics provider AnalyticsET
[2016.03.03-16.40.15:307][  0]LogAnalytics: [UEEditor.Rocket.Release] APIServer = http://et2.epicgames.com/ET2/. AppVersion = 4.9.1-2689999+++depot+UE4-Releases+4.9
[2016.03.03-16.40.15:308][  0]LogAnalytics: [UEEditor.Rocket.Release] SetUserId 50eed191415ea439a7660ba22e460405|6d0c6f702e3740ac804bd5f1d3dd0f9b|20c2de9e-9ecc-4ae8-b3b9-129391b1d352
[2016.03.03-16.40.15:308][  0]LogAnalytics: [UEEditor.Rocket.Release] AnalyticsET::StartSession
[2016.03.03-16.40.16:392][  0]LogWindowsTextInputMethodSystem:Display: IME system now deactivated.
[2016.03.03-16.40.17:552][  0]LogInit: Transaction tracking system initialized
[2016.03.03-16.40.18:636][  0]BlueprintLog: New page: Editor Load
[2016.03.03-16.40.23:414][  0]LocalizationService: Info Localization service is disabled
[2016.03.03-16.40.25:679][  0]LogConsoleResponse:Display: 
[2016.03.03-16.40.32:671][  0]LogFileCache: Scanning file cache for directory 'F:/Programs/Unreal 4/RTS_Tutorial/Content/' took 0.08s
[2016.03.03-16.40.32:671][  0]LogCook:Display: Done creating registry. It took  0.00s.
[2016.03.03-16.40.35:194][  0]SourceControl: Info Source control is disabled
[2016.03.03-16.40.35:495][  0]Cmd: MAP LOAD FILE="F:/Programs/Unreal 4/RTS_Tutorial/Content/RTS_Tutorial/Maps/RTS_TestMap.umap" TEMPLATE=0 SHOWPROGRESS=1 FEATURELEVEL=3
[2016.03.03-16.40.35:634][  0]LightingResults: New page: Lighting Build
[2016.03.03-16.40.36:604][  0]MapCheck: New page: Map Check
[2016.03.03-16.40.36:604][  0]LightingResults: New page: Lighting Build
[2016.03.03-16.40.38:563][  0]LogParticles: Destroying 0 GPU particle simulations for FXSystem 0x0000003B27D95DA0
[2016.03.03-16.40.54:860][  0]LogAIModule: Creating AISystem for world RTS_TestMap
[2016.03.03-16.40.59:285][  0]LogEditorServer: Finished looking for orphan Actors (0.015 secs)
[2016.03.03-16.40.59:434][  0]Cmd: MAP CHECKDEP NOCLEARLOG
[2016.03.03-16.40.59:597][  0]MapCheck: Info Map check complete: 0 Error(s), 0 Warning(s), took 142.769ms to complete.
[2016.03.03-16.40.59:607][  0]LogFileHelpers: Loading map 'RTS_TestMap' took 24.260
[2016.03.03-16.41.03:525][  0]LogCollectionManager: Loaded 0 collections in 0.005116 seconds
[2016.03.03-16.41.03:638][  0]LogFileCache: Scanning file cache for directory 'F:/Programs/Unreal 4/RTS_Tutorial/Saved/Collections/' took 0.01s
[2016.03.03-16.41.03:638][  0]LogFileCache: Scanning file cache for directory 'F:/Programs/Unreal 4/RTS_Tutorial/Content/Developers/DineshIyer/Collections/' took 0.01s
[2016.03.03-16.41.03:638][  0]LogFileCache: Scanning file cache for directory 'F:/Programs/Unreal 4/RTS_Tutorial/Content/Collections/' took 0.01s
[2016.03.03-16.41.03:638][  0]LogContentBrowser: Native class hierarchy populated in 0.0376 seconds. Added 1868 classes and 335 folders.
[2016.03.03-16.41.03:752][  0]LogCollectionManager: Rebuilt the GUID cache for 0 collections in 0.000008 seconds
[2016.03.03-16.41.04:024][  0]LogContentBrowser: Native class hierarchy updated for 'WidgetCarousel' in 0.0007 seconds. Added 0 classes and 0 folders.
[2016.03.03-16.41.06:817][  0]LogContentBrowser: Native class hierarchy updated for 'AddContentDialog' in 0.0011 seconds. Added 0 classes and 0 folders.
[2016.03.03-16.41.06:928][  0]LogCrashTracker: Crashtracker disabled due to settings.
[2016.03.03-16.41.08:381][  0]LogUObjectGlobals:Warning: Failed to find object 'Class None.'
[2016.03.03-16.41.08:516][  0]LogLoad: Full Startup: 131.33 seconds (BP compile: 1.10 seconds)
[2016.03.03-16.41.10:166][  0]LogContentStreaming: Texture pool size now 1000 MB
[2016.03.03-16.41.12:248][  0]LogRenderer: Reallocating scene render targets to support 784x396 (Frame:2).
[2016.03.03-16.41.15:230][  1]Cmd: UpdateLandscapeEditorData -warnings
[2016.03.03-16.41.17:255][  8]LogAssetRegistry: Asset discovery search completed in 75.7501 seconds
[2016.03.03-16.41.17:274][  8]LogCollectionManager: Rebuilt the object cache for 0 collections in 0.000001 seconds (found 0 objects)
[2016.03.03-16.41.17:280][  8]LogCollectionManager: Fixed up redirectors for 0 collections in 0.023688 seconds (updated 0 objects)
[2016.03.03-16.52.08:226][ 56]LogEditorViewport: Clicking on Actor (LMB): Landscape (Landscape)
[2016.03.03-16.52.09:590][ 59]LogEditorViewport: Clicking on Actor (LMB): Landscape (Landscape)
[2016.03.03-16.52.12:217][ 98]LogBlueprintUserMessages: Early PlayInEditor Detection: Level '/Game/RTS_Tutorial/Maps/RTS_TestMap.RTS_TestMap:PersistentLevel' has LevelScriptBlueprint '/Game/RTS_Tutorial/Maps/RTS_TestMap.RTS_TestMap:PersistentLevel.RTS_TestMap' with GeneratedClass '/Game/RTS_Tutorial/Maps/RTS_TestMap.RTS_TestMap_C' with ClassGeneratedBy '/Game/RTS_Tutorial/Maps/RTS_TestMap.RTS_TestMap:PersistentLevel.RTS_TestMap'
[2016.03.03-16.52.12:218][ 98]LogPlayLevel: PlayLevel: No blueprints needed recompiling
[2016.03.03-16.52.12:275][ 98]PIE: New page: PIE session: RTS_TestMap (04-Mar-2016 3:52:12 am)
[2016.03.03-16.52.12:287][ 98]LogPlayLevel: Creating play world package: /Game/RTS_Tutorial/Maps/UEDPIE_0_RTS_TestMap
[2016.03.03-16.52.12:739][ 98]LogPlayLevel: PIE: StaticDuplicateObject took: (0.452253s)
[2016.03.03-16.52.12:748][ 98]LogAIModule: Creating AISystem for world RTS_TestMap
[2016.03.03-16.52.12:748][ 98]LogPlayLevel: PIE: World Init took: (0.009149s)
[2016.03.03-16.52.12:756][ 98]LogPlayLevel: PIE: Created PIE world by copying editor world from /Game/RTS_Tutorial/Maps/RTS_TestMap.RTS_TestMap to /Game/RTS_Tutorial/Maps/UEDPIE_0_RTS_TestMap.RTS_TestMap (0.469727s)
[2016.03.03-16.52.13:058][ 98]LogInit: XAudio2 using 'Speakers (High Definition Audio Device)' : 2 channels at 44.1 kHz using 16 bits per sample (channel mask 0x3)
[2016.03.03-16.52.13:079][ 98]LogInit: FAudioDevice initialized.
[2016.03.03-16.52.14:507][ 98]LogWorld: Game class is 'MyGameGameMode_C'
[2016.03.03-16.52.14:733][ 98]LogWorld: Bringing World /Game/RTS_Tutorial/Maps/UEDPIE_0_RTS_TestMap.RTS_TestMap up for play (max tick rate 60) at 2016.03.03-22.22.14
[2016.03.03-16.52.14:733][ 98]LogActor:Warning: GameSession /Game/RTS_Tutorial/Maps/UEDPIE_0_RTS_TestMap.RTS_TestMap:PersistentLevel.GameSession_0 has natively added scene component(s), but none of them were set as t